<?xml version="1.0" encoding="UTF-8"?>
<!-- Generated by org.testng.reporters.JUnitReportReporter -->
<testsuite skipped="0" hostname="DESKTOP-KHI0D76" name="MavenJava.SeleniumTest" tests="2" failures="0" timestamp="04 Jun 2021 20:32:39 GMT" time="0.014" errors="0">
  <testcase name="elementsUI" time="0.001" classname="MavenJava.SeleniumTest"/>
  <testcase name="BrowserAutomation" time="0.013" classname="MavenJava.SeleniumTest"/>
</testsuite> <!-- MavenJava.SeleniumTest -->
