<?xml version="1.0" encoding="UTF-8"?>
<!-- Generated by org.testng.reporters.JUnitReportReporter -->
<testsuite skipped="0" hostname="DESKTOP-KHI0D76" name="MavenJava.AppiumTest" tests="2" failures="0" timestamp="04 Jun 2021 20:32:08 GMT" time="0.020" errors="0">
  <testcase name="NavigateIOS" time="0.000" classname="MavenJava.AppiumTest"/>
  <testcase name="NavigateAndriod" time="0.020" classname="MavenJava.AppiumTest"/>
</testsuite> <!-- MavenJava.AppiumTest -->
